============================= test session starts ==============================
platform darwin -- Python 3.12.7, pytest-9.0.2, pluggy-1.6.0 -- /opt/anaconda3/bin/python
cachedir: .pytest_cache
rootdir: /Users/tda/Downloads/Day24-Track02-Lab-Assignment/medviet-governance
plugins: langsmith-0.7.26, Faker-37.12.0, anyio-4.13.0
collecting ... collected 6 items

tests/test_pii.py::TestPIIDetection::test_cccd_detected PASSED           [ 16%]
tests/test_pii.py::TestPIIDetection::test_phone_detected PASSED          [ 33%]
tests/test_pii.py::TestPIIDetection::test_email_detected PASSED          [ 50%]
tests/test_pii.py::TestPIIDetection::test_detection_rate_above_95_percent PASSED [ 66%]
tests/test_pii.py::TestAnonymization::test_pii_not_in_output PASSED      [ 83%]
tests/test_pii.py::TestAnonymization::test_non_pii_columns_unchanged PASSED [100%]

============================== 6 passed in 13.26s ==============================
